STATUS | wrapper  | 2021/04/24 18:33:39 | --> Wrapper Started as Console
STATUS | wrapper  | 2021/04/24 18:33:39 | Launching a JVM...
INFO   | jvm 1    | 2021/04/24 18:33:39 | Wrapper (Version 3.2.3) http://wrapper.tanukisoftware.org
INFO   | jvm 1    | 2021/04/24 18:33:39 |   Copyright 1999-2006 Tanuki Software, Inc.  All Rights Reserved.
INFO   | jvm 1    | 2021/04/24 18:33:39 | 
INFO   | jvm 1    | 2021/04/24 18:33:40 | Java Runtime: Oracle Corporation 1.8.0_251 C:\Program Files\Java\jre1.8.0_251
INFO   | jvm 1    | 2021/04/24 18:33:40 |   Heap sizes: current=251392k  free=235661k  max=932352k
INFO   | jvm 1    | 2021/04/24 18:33:40 |     JVM args: -Dactivemq.home=../.. -Dactivemq.base=../.. -Djavax.net.ssl.keyStorePassword=password -Djavax.net.ssl.trustStorePassword=password -Djavax.net.ssl.keyStore=../../conf/broker.ks -Djavax.net.ssl.trustStore=../../conf/broker.ts -Dcom.sun.management.jmxremote -Dorg.apache.activemq.UseDedicatedTaskRunner=true -Djava.util.logging.config.file=logging.properties -Dactivemq.conf=../../conf -Dactivemq.data=../../data -Djava.security.auth.login.config=../../conf/login.config -Xmx1024m -Djava.library.path=../../bin/win64 -Dwrapper.key=NcplJb2S69At6jRK -Dwrapper.port=32000 -Dwrapper.jvm.port.min=31000 -Dwrapper.jvm.port.max=31999 -Dwrapper.pid=13724 -Dwrapper.version=3.2.3 -Dwrapper.native_library=wrapper -Dwrapper.cpu.timeout=10 -Dwrapper.jvmid=1
INFO   | jvm 1    | 2021/04/24 18:33:40 | Extensions classpath:
INFO   | jvm 1    | 2021/04/24 18:33:40 |   [..\..\lib,..\..\lib\camel,..\..\lib\optional,..\..\lib\web,..\..\lib\extra]
INFO   | jvm 1    | 2021/04/24 18:33:40 | ACTIVEMQ_HOME: ..\..
INFO   | jvm 1    | 2021/04/24 18:33:40 | ACTIVEMQ_BASE: ..\..
INFO   | jvm 1    | 2021/04/24 18:33:40 | ACTIVEMQ_CONF: ..\..\conf
INFO   | jvm 1    | 2021/04/24 18:33:40 | ACTIVEMQ_DATA: ..\..\data
INFO   | jvm 1    | 2021/04/24 18:33:43 | Loading message broker from: xbean:activemq.xml
INFO   | jvm 1    | 2021/04/24 18:33:43 |  INFO | Refreshing org.apache.activemq.xbean.XBeanBrokerFactory$1@4e2e33d6: startup date [Sat Apr 24 18:33:43 ICT 2021]; root of context hierarchy
INFO   | jvm 1    | 2021/04/24 18:33:43 |  INFO | Using Persistence Adapter: KahaDBPersistenceAdapter[D:\Architecture And Design Software\MidtermExamReview\apache-activemq-5.16.1\bin\win64\..\..\data\kahadb]
INFO   | jvm 1    | 2021/04/24 18:33:44 |  INFO | PListStore:[D:\Architecture And Design Software\MidtermExamReview\apache-activemq-5.16.1\bin\win64\..\..\data\localhost\tmp_storage] started
INFO   | jvm 1    | 2021/04/24 18:33:44 |  INFO | Apache ActiveMQ 5.16.1 (localhost, ID:DESKTOP-H27AAHJ-64644-1619264024500-0:1) is starting
INFO   | jvm 1    | 2021/04/24 18:33:44 |  INFO | Listening for connections at: tcp://DESKTOP-H27AAHJ:61616?maximumConnections=1000&wireFormat.maxFrameSize=104857600
INFO   | jvm 1    | 2021/04/24 18:33:44 |  INFO | Connector openwire started
INFO   | jvm 1    | 2021/04/24 18:33:44 |  INFO | Listening for connections at: amqp://DESKTOP-H27AAHJ:5672?maximumConnections=1000&wireFormat.maxFrameSize=104857600
INFO   | jvm 1    | 2021/04/24 18:33:44 |  INFO | Connector amqp started
INFO   | jvm 1    | 2021/04/24 18:33:44 |  INFO | Listening for connections at: stomp://DESKTOP-H27AAHJ:61613?maximumConnections=1000&wireFormat.maxFrameSize=104857600
INFO   | jvm 1    | 2021/04/24 18:33:44 |  INFO | Connector stomp started
INFO   | jvm 1    | 2021/04/24 18:33:44 |  INFO | Listening for connections at: mqtt://DESKTOP-H27AAHJ:1883?maximumConnections=1000&wireFormat.maxFrameSize=104857600
INFO   | jvm 1    | 2021/04/24 18:33:44 |  INFO | Connector mqtt started
INFO   | jvm 1    | 2021/04/24 18:33:44 |  INFO | Starting Jetty server
INFO   | jvm 1    | 2021/04/24 18:33:44 |  INFO | Creating Jetty connector
INFO   | jvm 1    | 2021/04/24 18:33:44 |  WARN | ServletContext@o.e.j.s.ServletContextHandler@2ff849e{/,null,STARTING} has uncovered http methods for path: /
INFO   | jvm 1    | 2021/04/24 18:33:44 |  INFO | Listening for connections at ws://DESKTOP-H27AAHJ:61614?maximumConnections=1000&wireFormat.maxFrameSize=104857600
INFO   | jvm 1    | 2021/04/24 18:33:44 |  INFO | Connector ws started
INFO   | jvm 1    | 2021/04/24 18:33:44 |  INFO | Apache ActiveMQ 5.16.1 (localhost, ID:DESKTOP-H27AAHJ-64644-1619264024500-0:1) started
INFO   | jvm 1    | 2021/04/24 18:33:44 |  INFO | For help or more information please see: http://activemq.apache.org
INFO   | jvm 1    | 2021/04/24 18:33:45 |  INFO | ActiveMQ WebConsole available at http://127.0.0.1:8161/
INFO   | jvm 1    | 2021/04/24 18:33:45 |  INFO | ActiveMQ Jolokia REST API available at http://127.0.0.1:8161/api/jolokia/
INFO   | jvm 1    | 2021/04/25 00:49:47 |  INFO | Connector vm://localhost started
INFO   | jvm 1    | 2021/04/25 01:11:55 |  WARN | /admin/deleteDestination.action
INFO   | jvm 1    | 2021/04/25 01:11:55 | javax.servlet.ServletException: javax.servlet.ServletException: org.springframework.web.util.NestedServletException: Request processing failed; nested exception is java.lang.UnsupportedOperationException: Possible CSRF attack
INFO   | jvm 1    | 2021/04/25 01:11:55 | 	at org.eclipse.jetty.server.handler.HandlerCollection.handle(HandlerCollection.java:162)
INFO   | jvm 1    | 2021/04/25 01:11:55 | 	at org.eclipse.jetty.server.handler.HandlerWrapper.handle(HandlerWrapper.java:127)
INFO   | jvm 1    | 2021/04/25 01:11:55 | 	at org.eclipse.jetty.server.Server.handle(Server.java:516)
INFO   | jvm 1    | 2021/04/25 01:11:55 | 	at org.eclipse.jetty.server.HttpChannel.lambda$handle$1(HttpChannel.java:388)
INFO   | jvm 1    | 2021/04/25 01:11:55 | 	at org.eclipse.jetty.server.HttpChannel.dispatch(HttpChannel.java:633)
INFO   | jvm 1    | 2021/04/25 01:11:55 | 	at org.eclipse.jetty.server.HttpChannel.handle(HttpChannel.java:380)
INFO   | jvm 1    | 2021/04/25 01:11:55 | 	at org.eclipse.jetty.server.HttpConnection.onFillable(HttpConnection.java:273)
INFO   | jvm 1    | 2021/04/25 01:11:55 | 	at org.eclipse.jetty.io.AbstractConnection$ReadCallback.succeeded(AbstractConnection.java:311)
INFO   | jvm 1    | 2021/04/25 01:11:55 | 	at org.eclipse.jetty.io.FillInterest.fillable(FillInterest.java:105)
INFO   | jvm 1    | 2021/04/25 01:11:55 | 	at org.eclipse.jetty.io.ChannelEndPoint$1.run(ChannelEndPoint.java:104)
INFO   | jvm 1    | 2021/04/25 01:11:55 | 	at org.eclipse.jetty.util.thread.strategy.EatWhatYouKill.runTask(EatWhatYouKill.java:336)
INFO   | jvm 1    | 2021/04/25 01:11:55 | 	at org.eclipse.jetty.util.thread.strategy.EatWhatYouKill.doProduce(EatWhatYouKill.java:313)
INFO   | jvm 1    | 2021/04/25 01:11:55 | 	at org.eclipse.jetty.util.thread.strategy.EatWhatYouKill.tryProduce(EatWhatYouKill.java:171)
INFO   | jvm 1    | 2021/04/25 01:11:55 | 	at org.eclipse.jetty.util.thread.strategy.EatWhatYouKill.run(EatWhatYouKill.java:129)
INFO   | jvm 1    | 2021/04/25 01:11:55 | 	at org.eclipse.jetty.util.thread.ReservedThreadExecutor$ReservedThread.run(ReservedThreadExecutor.java:375)
INFO   | jvm 1    | 2021/04/25 01:11:55 | 	at org.eclipse.jetty.util.thread.QueuedThreadPool.runJob(QueuedThreadPool.java:773)
INFO   | jvm 1    | 2021/04/25 01:11:55 | 	at org.eclipse.jetty.util.thread.QueuedThreadPool$Runner.run(QueuedThreadPool.java:905)
INFO   | jvm 1    | 2021/04/25 01:11:55 | 	at java.lang.Thread.run(Unknown Source)
INFO   | jvm 1    | 2021/04/25 01:11:55 | Caused by: javax.servlet.ServletException: org.springframework.web.util.NestedServletException: Request processing failed; nested exception is java.lang.UnsupportedOperationException: Possible CSRF attack
INFO   | jvm 1    | 2021/04/25 01:11:55 | 	at org.eclipse.jetty.server.handler.HandlerCollection.handle(HandlerCollection.java:162)
INFO   | jvm 1    | 2021/04/25 01:11:55 | 	at org.eclipse.jetty.security.SecurityHandler.handle(SecurityHandler.java:567)
INFO   | jvm 1    | 2021/04/25 01:11:55 | 	at org.eclipse.jetty.server.handler.HandlerCollection.handle(HandlerCollection.java:146)
INFO   | jvm 1    | 2021/04/25 01:11:55 | 	... 17 more
INFO   | jvm 1    | 2021/04/25 01:11:55 | Caused by: org.springframework.web.util.NestedServletException: Request processing failed; nested exception is java.lang.UnsupportedOperationException: Possible CSRF attack
INFO   | jvm 1    | 2021/04/25 01:11:55 | 	at org.springframework.web.servlet.FrameworkServlet.processRequest(FrameworkServlet.java:982)
INFO   | jvm 1    | 2021/04/25 01:11:55 | 	at org.springframework.web.servlet.FrameworkServlet.doGet(FrameworkServlet.java:861)
INFO   | jvm 1    | 2021/04/25 01:11:55 | 	at javax.servlet.http.HttpServlet.service(HttpServlet.java:687)
INFO   | jvm 1    | 2021/04/25 01:11:55 | 	at org.springframework.web.servlet.FrameworkServlet.service(FrameworkServlet.java:846)
INFO   | jvm 1    | 2021/04/25 01:11:55 | 	at javax.servlet.http.HttpServlet.service(HttpServlet.java:790)
INFO   | jvm 1    | 2021/04/25 01:11:55 | 	at org.eclipse.jetty.servlet.ServletHolder$NotAsync.service(ServletHolder.java:1452)
INFO   | jvm 1    | 2021/04/25 01:11:55 | 	at org.eclipse.jetty.servlet.ServletHolder.handle(ServletHolder.java:791)
INFO   | jvm 1    | 2021/04/25 01:11:55 | 	at org.eclipse.jetty.servlet.ServletHandler$ChainEnd.doFilter(ServletHandler.java:1626)
INFO   | jvm 1    | 2021/04/25 01:11:55 | 	at org.eclipse.jetty.websocket.server.WebSocketUpgradeFilter.doFilter(WebSocketUpgradeFilter.java:228)
INFO   | jvm 1    | 2021/04/25 01:11:55 | 	at org.eclipse.jetty.servlet.FilterHolder.doFilter(FilterHolder.java:193)
INFO   | jvm 1    | 2021/04/25 01:11:55 | 	at org.eclipse.jetty.servlet.ServletHandler$Chain.doFilter(ServletHandler.java:1601)
INFO   | jvm 1    | 2021/04/25 01:11:55 | 	at org.apache.activemq.web.AuditFilter.doFilter(AuditFilter.java:59)
INFO   | jvm 1    | 2021/04/25 01:11:55 | 	at org.eclipse.jetty.servlet.FilterHolder.doFilter(FilterHolder.java:193)
INFO   | jvm 1    | 2021/04/25 01:11:55 | 	at org.eclipse.jetty.servlet.ServletHandler$Chain.doFilter(ServletHandler.java:1601)
INFO   | jvm 1    | 2021/04/25 01:11:55 | 	at org.springframework.web.filter.RequestContextFilter.doFilterInternal(RequestContextFilter.java:99)
INFO   | jvm 1    | 2021/04/25 01:11:55 | 	at org.springframework.web.filter.OncePerRequestFilter.doFilter(OncePerRequestFilter.java:107)
INFO   | jvm 1    | 2021/04/25 01:11:55 | 	at org.eclipse.jetty.servlet.FilterHolder.doFilter(FilterHolder.java:193)
INFO   | jvm 1    | 2021/04/25 01:11:55 | 	at org.eclipse.jetty.servlet.ServletHandler$Chain.doFilter(ServletHandler.java:1601)
INFO   | jvm 1    | 2021/04/25 01:11:55 | 	at org.apache.activemq.web.filter.ApplicationContextFilter.doFilter(ApplicationContextFilter.java:102)
INFO   | jvm 1    | 2021/04/25 01:11:55 | 	at org.eclipse.jetty.servlet.FilterHolder.doFilter(FilterHolder.java:201)
INFO   | jvm 1    | 2021/04/25 01:11:55 | 	at org.eclipse.jetty.servlet.ServletHandler$Chain.doFilter(ServletHandler.java:1601)
INFO   | jvm 1    | 2021/04/25 01:11:55 | 	at org.eclipse.jetty.servlet.ServletHandler.doHandle(ServletHandler.java:548)
INFO   | jvm 1    | 2021/04/25 01:11:55 | 	at org.eclipse.jetty.server.handler.ScopedHandler.handle(ScopedHandler.java:143)
INFO   | jvm 1    | 2021/04/25 01:11:55 | 	at org.eclipse.jetty.security.SecurityHandler.handle(SecurityHandler.java:567)
INFO   | jvm 1    | 2021/04/25 01:11:55 | 	at org.eclipse.jetty.server.handler.HandlerWrapper.handle(HandlerWrapper.java:127)
INFO   | jvm 1    | 2021/04/25 01:11:55 | 	at org.eclipse.jetty.server.handler.ScopedHandler.nextHandle(ScopedHandler.java:235)
INFO   | jvm 1    | 2021/04/25 01:11:55 | 	at org.eclipse.jetty.server.session.SessionHandler.doHandle(SessionHandler.java:1624)
INFO   | jvm 1    | 2021/04/25 01:11:55 | 	at org.eclipse.jetty.server.handler.ScopedHandler.nextHandle(ScopedHandler.java:233)
INFO   | jvm 1    | 2021/04/25 01:11:55 | 	at org.eclipse.jetty.server.handler.ContextHandler.doHandle(ContextHandler.java:1435)
INFO   | jvm 1    | 2021/04/25 01:11:55 | 	at org.eclipse.jetty.server.handler.ScopedHandler.nextScope(ScopedHandler.java:188)
INFO   | jvm 1    | 2021/04/25 01:11:55 | 	at org.eclipse.jetty.servlet.ServletHandler.doScope(ServletHandler.java:501)
INFO   | jvm 1    | 2021/04/25 01:11:55 | 	at org.eclipse.jetty.server.session.SessionHandler.doScope(SessionHandler.java:1594)
INFO   | jvm 1    | 2021/04/25 01:11:55 | 	at org.eclipse.jetty.server.handler.ScopedHandler.nextScope(ScopedHandler.java:186)
INFO   | jvm 1    | 2021/04/25 01:11:55 | 	at org.eclipse.jetty.server.handler.ContextHandler.doScope(ContextHandler.java:1350)
INFO   | jvm 1    | 2021/04/25 01:11:55 | 	at org.eclipse.jetty.server.handler.ScopedHandler.handle(ScopedHandler.java:141)
INFO   | jvm 1    | 2021/04/25 01:11:55 | 	at org.eclipse.jetty.server.handler.HandlerCollection.handle(HandlerCollection.java:146)
INFO   | jvm 1    | 2021/04/25 01:11:55 | 	... 19 more
INFO   | jvm 1    | 2021/04/25 01:11:55 | Caused by: java.lang.UnsupportedOperationException: Possible CSRF attack
INFO   | jvm 1    | 2021/04/25 01:11:55 | 	at org.apache.activemq.web.handler.BindingBeanNameUrlHandlerMapping.getHandlerInternal(BindingBeanNameUrlHandlerMapping.java:59)
INFO   | jvm 1    | 2021/04/25 01:11:55 | 	at org.springframework.web.servlet.handler.AbstractHandlerMapping.getHandler(AbstractHandlerMapping.java:353)
INFO   | jvm 1    | 2021/04/25 01:11:55 | 	at org.springframework.web.servlet.DispatcherServlet.getHandler(DispatcherServlet.java:1160)
INFO   | jvm 1    | 2021/04/25 01:11:55 | 	at org.springframework.web.servlet.DispatcherServlet.doDispatch(DispatcherServlet.java:940)
INFO   | jvm 1    | 2021/04/25 01:11:55 | 	at org.springframework.web.servlet.DispatcherServlet.doService(DispatcherServlet.java:901)
INFO   | jvm 1    | 2021/04/25 01:11:55 | 	at org.springframework.web.servlet.FrameworkServlet.processRequest(FrameworkServlet.java:970)
INFO   | jvm 1    | 2021/04/25 01:11:55 | 	... 54 more
INFO   | jvm 1    | 2021/04/25 01:14:31 |  WARN | /admin/deleteDestination.action
INFO   | jvm 1    | 2021/04/25 01:14:31 | javax.servlet.ServletException: javax.servlet.ServletException: org.springframework.web.util.NestedServletException: Request processing failed; nested exception is java.lang.UnsupportedOperationException: Possible CSRF attack
INFO   | jvm 1    | 2021/04/25 01:14:31 | 	at org.eclipse.jetty.server.handler.HandlerCollection.handle(HandlerCollection.java:162)
INFO   | jvm 1    | 2021/04/25 01:14:31 | 	at org.eclipse.jetty.server.handler.HandlerWrapper.handle(HandlerWrapper.java:127)
INFO   | jvm 1    | 2021/04/25 01:14:31 | 	at org.eclipse.jetty.server.Server.handle(Server.java:516)
INFO   | jvm 1    | 2021/04/25 01:14:31 | 	at org.eclipse.jetty.server.HttpChannel.lambda$handle$1(HttpChannel.java:388)
INFO   | jvm 1    | 2021/04/25 01:14:31 | 	at org.eclipse.jetty.server.HttpChannel.dispatch(HttpChannel.java:633)
INFO   | jvm 1    | 2021/04/25 01:14:31 | 	at org.eclipse.jetty.server.HttpChannel.handle(HttpChannel.java:380)
INFO   | jvm 1    | 2021/04/25 01:14:31 | 	at org.eclipse.jetty.server.HttpConnection.onFillable(HttpConnection.java:273)
INFO   | jvm 1    | 2021/04/25 01:14:31 | 	at org.eclipse.jetty.io.AbstractConnection$ReadCallback.succeeded(AbstractConnection.java:311)
INFO   | jvm 1    | 2021/04/25 01:14:31 | 	at org.eclipse.jetty.io.FillInterest.fillable(FillInterest.java:105)
INFO   | jvm 1    | 2021/04/25 01:14:31 | 	at org.eclipse.jetty.io.ChannelEndPoint$1.run(ChannelEndPoint.java:104)
INFO   | jvm 1    | 2021/04/25 01:14:31 | 	at org.eclipse.jetty.util.thread.QueuedThreadPool.runJob(QueuedThreadPool.java:773)
INFO   | jvm 1    | 2021/04/25 01:14:31 | 	at org.eclipse.jetty.util.thread.QueuedThreadPool$Runner.run(QueuedThreadPool.java:905)
INFO   | jvm 1    | 2021/04/25 01:14:31 | 	at java.lang.Thread.run(Unknown Source)
INFO   | jvm 1    | 2021/04/25 01:14:31 | Caused by: javax.servlet.ServletException: org.springframework.web.util.NestedServletException: Request processing failed; nested exception is java.lang.UnsupportedOperationException: Possible CSRF attack
INFO   | jvm 1    | 2021/04/25 01:14:31 | 	at org.eclipse.jetty.server.handler.HandlerCollection.handle(HandlerCollection.java:162)
INFO   | jvm 1    | 2021/04/25 01:14:31 | 	at org.eclipse.jetty.security.SecurityHandler.handle(SecurityHandler.java:567)
INFO   | jvm 1    | 2021/04/25 01:14:31 | 	at org.eclipse.jetty.server.handler.HandlerCollection.handle(HandlerCollection.java:146)
INFO   | jvm 1    | 2021/04/25 01:14:31 | 	... 12 more
INFO   | jvm 1    | 2021/04/25 01:14:31 | Caused by: org.springframework.web.util.NestedServletException: Request processing failed; nested exception is java.lang.UnsupportedOperationException: Possible CSRF attack
INFO   | jvm 1    | 2021/04/25 01:14:31 | 	at org.springframework.web.servlet.FrameworkServlet.processRequest(FrameworkServlet.java:982)
INFO   | jvm 1    | 2021/04/25 01:14:31 | 	at org.springframework.web.servlet.FrameworkServlet.doGet(FrameworkServlet.java:861)
INFO   | jvm 1    | 2021/04/25 01:14:31 | 	at javax.servlet.http.HttpServlet.service(HttpServlet.java:687)
INFO   | jvm 1    | 2021/04/25 01:14:31 | 	at org.springframework.web.servlet.FrameworkServlet.service(FrameworkServlet.java:846)
INFO   | jvm 1    | 2021/04/25 01:14:31 | 	at javax.servlet.http.HttpServlet.service(HttpServlet.java:790)
INFO   | jvm 1    | 2021/04/25 01:14:31 | 	at org.eclipse.jetty.servlet.ServletHolder$NotAsync.service(ServletHolder.java:1452)
INFO   | jvm 1    | 2021/04/25 01:14:31 | 	at org.eclipse.jetty.servlet.ServletHolder.handle(ServletHolder.java:791)
INFO   | jvm 1    | 2021/04/25 01:14:31 | 	at org.eclipse.jetty.servlet.ServletHandler$ChainEnd.doFilter(ServletHandler.java:1626)
INFO   | jvm 1    | 2021/04/25 01:14:31 | 	at org.eclipse.jetty.websocket.server.WebSocketUpgradeFilter.doFilter(WebSocketUpgradeFilter.java:228)
INFO   | jvm 1    | 2021/04/25 01:14:31 | 	at org.eclipse.jetty.servlet.FilterHolder.doFilter(FilterHolder.java:193)
INFO   | jvm 1    | 2021/04/25 01:14:31 | 	at org.eclipse.jetty.servlet.ServletHandler$Chain.doFilter(ServletHandler.java:1601)
INFO   | jvm 1    | 2021/04/25 01:14:31 | 	at org.apache.activemq.web.AuditFilter.doFilter(AuditFilter.java:59)
INFO   | jvm 1    | 2021/04/25 01:14:31 | 	at org.eclipse.jetty.servlet.FilterHolder.doFilter(FilterHolder.java:193)
INFO   | jvm 1    | 2021/04/25 01:14:31 | 	at org.eclipse.jetty.servlet.ServletHandler$Chain.doFilter(ServletHandler.java:1601)
INFO   | jvm 1    | 2021/04/25 01:14:31 | 	at org.springframework.web.filter.RequestContextFilter.doFilterInternal(RequestContextFilter.java:99)
INFO   | jvm 1    | 2021/04/25 01:14:31 | 	at org.springframework.web.filter.OncePerRequestFilter.doFilter(OncePerRequestFilter.java:107)
INFO   | jvm 1    | 2021/04/25 01:14:31 | 	at org.eclipse.jetty.servlet.FilterHolder.doFilter(FilterHolder.java:193)
INFO   | jvm 1    | 2021/04/25 01:14:31 | 	at org.eclipse.jetty.servlet.ServletHandler$Chain.doFilter(ServletHandler.java:1601)
INFO   | jvm 1    | 2021/04/25 01:14:31 | 	at org.apache.activemq.web.filter.ApplicationContextFilter.doFilter(ApplicationContextFilter.java:102)
INFO   | jvm 1    | 2021/04/25 01:14:31 | 	at org.eclipse.jetty.servlet.FilterHolder.doFilter(FilterHolder.java:201)
INFO   | jvm 1    | 2021/04/25 01:14:31 | 	at org.eclipse.jetty.servlet.ServletHandler$Chain.doFilter(ServletHandler.java:1601)
INFO   | jvm 1    | 2021/04/25 01:14:31 | 	at org.eclipse.jetty.servlet.ServletHandler.doHandle(ServletHandler.java:548)
INFO   | jvm 1    | 2021/04/25 01:14:31 | 	at org.eclipse.jetty.server.handler.ScopedHandler.handle(ScopedHandler.java:143)
INFO   | jvm 1    | 2021/04/25 01:14:31 | 	at org.eclipse.jetty.security.SecurityHandler.handle(SecurityHandler.java:567)
INFO   | jvm 1    | 2021/04/25 01:14:31 | 	at org.eclipse.jetty.server.handler.HandlerWrapper.handle(HandlerWrapper.java:127)
INFO   | jvm 1    | 2021/04/25 01:14:31 | 	at org.eclipse.jetty.server.handler.ScopedHandler.nextHandle(ScopedHandler.java:235)
INFO   | jvm 1    | 2021/04/25 01:14:31 | 	at org.eclipse.jetty.server.session.SessionHandler.doHandle(SessionHandler.java:1624)
INFO   | jvm 1    | 2021/04/25 01:14:31 | 	at org.eclipse.jetty.server.handler.ScopedHandler.nextHandle(ScopedHandler.java:233)
INFO   | jvm 1    | 2021/04/25 01:14:31 | 	at org.eclipse.jetty.server.handler.ContextHandler.doHandle(ContextHandler.java:1435)
INFO   | jvm 1    | 2021/04/25 01:14:31 | 	at org.eclipse.jetty.server.handler.ScopedHandler.nextScope(ScopedHandler.java:188)
INFO   | jvm 1    | 2021/04/25 01:14:31 | 	at org.eclipse.jetty.servlet.ServletHandler.doScope(ServletHandler.java:501)
INFO   | jvm 1    | 2021/04/25 01:14:31 | 	at org.eclipse.jetty.server.session.SessionHandler.doScope(SessionHandler.java:1594)
INFO   | jvm 1    | 2021/04/25 01:14:31 | 	at org.eclipse.jetty.server.handler.ScopedHandler.nextScope(ScopedHandler.java:186)
INFO   | jvm 1    | 2021/04/25 01:14:31 | 	at org.eclipse.jetty.server.handler.ContextHandler.doScope(ContextHandler.java:1350)
INFO   | jvm 1    | 2021/04/25 01:14:31 | 	at org.eclipse.jetty.server.handler.ScopedHandler.handle(ScopedHandler.java:141)
INFO   | jvm 1    | 2021/04/25 01:14:31 | 	at org.eclipse.jetty.server.handler.HandlerCollection.handle(HandlerCollection.java:146)
INFO   | jvm 1    | 2021/04/25 01:14:31 | 	... 14 more
INFO   | jvm 1    | 2021/04/25 01:14:31 | Caused by: java.lang.UnsupportedOperationException: Possible CSRF attack
INFO   | jvm 1    | 2021/04/25 01:14:31 | 	at org.apache.activemq.web.handler.BindingBeanNameUrlHandlerMapping.getHandlerInternal(BindingBeanNameUrlHandlerMapping.java:59)
INFO   | jvm 1    | 2021/04/25 01:14:31 | 	at org.springframework.web.servlet.handler.AbstractHandlerMapping.getHandler(AbstractHandlerMapping.java:353)
INFO   | jvm 1    | 2021/04/25 01:14:31 | 	at org.springframework.web.servlet.DispatcherServlet.getHandler(DispatcherServlet.java:1160)
INFO   | jvm 1    | 2021/04/25 01:14:31 | 	at org.springframework.web.servlet.DispatcherServlet.doDispatch(DispatcherServlet.java:940)
INFO   | jvm 1    | 2021/04/25 01:14:31 | 	at org.springframework.web.servlet.DispatcherServlet.doService(DispatcherServlet.java:901)
INFO   | jvm 1    | 2021/04/25 01:14:31 | 	at org.springframework.web.servlet.FrameworkServlet.processRequest(FrameworkServlet.java:970)
INFO   | jvm 1    | 2021/04/25 01:14:31 | 	... 49 more
INFO   | jvm 1    | 2021/04/25 01:14:32 |  WARN | /admin/deleteDestination.action
INFO   | jvm 1    | 2021/04/25 01:14:32 | javax.servlet.ServletException: javax.servlet.ServletException: org.springframework.web.util.NestedServletException: Request processing failed; nested exception is java.lang.UnsupportedOperationException: Possible CSRF attack
INFO   | jvm 1    | 2021/04/25 01:14:32 | 	at org.eclipse.jetty.server.handler.HandlerCollection.handle(HandlerCollection.java:162)
INFO   | jvm 1    | 2021/04/25 01:14:32 | 	at org.eclipse.jetty.server.handler.HandlerWrapper.handle(HandlerWrapper.java:127)
INFO   | jvm 1    | 2021/04/25 01:14:32 | 	at org.eclipse.jetty.server.Server.handle(Server.java:516)
INFO   | jvm 1    | 2021/04/25 01:14:32 | 	at org.eclipse.jetty.server.HttpChannel.lambda$handle$1(HttpChannel.java:388)
INFO   | jvm 1    | 2021/04/25 01:14:32 | 	at org.eclipse.jetty.server.HttpChannel.dispatch(HttpChannel.java:633)
INFO   | jvm 1    | 2021/04/25 01:14:32 | 	at org.eclipse.jetty.server.HttpChannel.handle(HttpChannel.java:380)
INFO   | jvm 1    | 2021/04/25 01:14:32 | 	at org.eclipse.jetty.server.HttpConnection.onFillable(HttpConnection.java:273)
INFO   | jvm 1    | 2021/04/25 01:14:32 | 	at org.eclipse.jetty.io.AbstractConnection$ReadCallback.succeeded(AbstractConnection.java:311)
INFO   | jvm 1    | 2021/04/25 01:14:32 | 	at org.eclipse.jetty.io.FillInterest.fillable(FillInterest.java:105)
INFO   | jvm 1    | 2021/04/25 01:14:32 | 	at org.eclipse.jetty.io.ChannelEndPoint$1.run(ChannelEndPoint.java:104)
INFO   | jvm 1    | 2021/04/25 01:14:32 | 	at org.eclipse.jetty.util.thread.strategy.EatWhatYouKill.runTask(EatWhatYouKill.java:336)
INFO   | jvm 1    | 2021/04/25 01:14:32 | 	at org.eclipse.jetty.util.thread.strategy.EatWhatYouKill.doProduce(EatWhatYouKill.java:313)
INFO   | jvm 1    | 2021/04/25 01:14:32 | 	at org.eclipse.jetty.util.thread.strategy.EatWhatYouKill.tryProduce(EatWhatYouKill.java:171)
INFO   | jvm 1    | 2021/04/25 01:14:32 | 	at org.eclipse.jetty.util.thread.strategy.EatWhatYouKill.run(EatWhatYouKill.java:129)
INFO   | jvm 1    | 2021/04/25 01:14:32 | 	at org.eclipse.jetty.util.thread.ReservedThreadExecutor$ReservedThread.run(ReservedThreadExecutor.java:375)
INFO   | jvm 1    | 2021/04/25 01:14:32 | 	at org.eclipse.jetty.util.thread.QueuedThreadPool.runJob(QueuedThreadPool.java:773)
INFO   | jvm 1    | 2021/04/25 01:14:32 | 	at org.eclipse.jetty.util.thread.QueuedThreadPool$Runner.run(QueuedThreadPool.java:905)
INFO   | jvm 1    | 2021/04/25 01:14:32 | 	at java.lang.Thread.run(Unknown Source)
INFO   | jvm 1    | 2021/04/25 01:14:32 | Caused by: javax.servlet.ServletException: org.springframework.web.util.NestedServletException: Request processing failed; nested exception is java.lang.UnsupportedOperationException: Possible CSRF attack
INFO   | jvm 1    | 2021/04/25 01:14:32 | 	at org.eclipse.jetty.server.handler.HandlerCollection.handle(HandlerCollection.java:162)
INFO   | jvm 1    | 2021/04/25 01:14:32 | 	at org.eclipse.jetty.security.SecurityHandler.handle(SecurityHandler.java:567)
INFO   | jvm 1    | 2021/04/25 01:14:32 | 	at org.eclipse.jetty.server.handler.HandlerCollection.handle(HandlerCollection.java:146)
INFO   | jvm 1    | 2021/04/25 01:14:32 | 	... 17 more
INFO   | jvm 1    | 2021/04/25 01:14:32 | Caused by: org.springframework.web.util.NestedServletException: Request processing failed; nested exception is java.lang.UnsupportedOperationException: Possible CSRF attack
INFO   | jvm 1    | 2021/04/25 01:14:32 | 	at org.springframework.web.servlet.FrameworkServlet.processRequest(FrameworkServlet.java:982)
INFO   | jvm 1    | 2021/04/25 01:14:32 | 	at org.springframework.web.servlet.FrameworkServlet.doGet(FrameworkServlet.java:861)
INFO   | jvm 1    | 2021/04/25 01:14:32 | 	at javax.servlet.http.HttpServlet.service(HttpServlet.java:687)
INFO   | jvm 1    | 2021/04/25 01:14:32 | 	at org.springframework.web.servlet.FrameworkServlet.service(FrameworkServlet.java:846)
INFO   | jvm 1    | 2021/04/25 01:14:32 | 	at javax.servlet.http.HttpServlet.service(HttpServlet.java:790)
INFO   | jvm 1    | 2021/04/25 01:14:32 | 	at org.eclipse.jetty.servlet.ServletHolder$NotAsync.service(ServletHolder.java:1452)
INFO   | jvm 1    | 2021/04/25 01:14:32 | 	at org.eclipse.jetty.servlet.ServletHolder.handle(ServletHolder.java:791)
INFO   | jvm 1    | 2021/04/25 01:14:32 | 	at org.eclipse.jetty.servlet.ServletHandler$ChainEnd.doFilter(ServletHandler.java:1626)
INFO   | jvm 1    | 2021/04/25 01:14:32 | 	at org.eclipse.jetty.websocket.server.WebSocketUpgradeFilter.doFilter(WebSocketUpgradeFilter.java:228)
INFO   | jvm 1    | 2021/04/25 01:14:32 | 	at org.eclipse.jetty.servlet.FilterHolder.doFilter(FilterHolder.java:193)
INFO   | jvm 1    | 2021/04/25 01:14:32 | 	at org.eclipse.jetty.servlet.ServletHandler$Chain.doFilter(ServletHandler.java:1601)
INFO   | jvm 1    | 2021/04/25 01:14:32 | 	at org.apache.activemq.web.AuditFilter.doFilter(AuditFilter.java:59)
INFO   | jvm 1    | 2021/04/25 01:14:32 | 	at org.eclipse.jetty.servlet.FilterHolder.doFilter(FilterHolder.java:193)
INFO   | jvm 1    | 2021/04/25 01:14:32 | 	at org.eclipse.jetty.servlet.ServletHandler$Chain.doFilter(ServletHandler.java:1601)
INFO   | jvm 1    | 2021/04/25 01:14:32 | 	at org.springframework.web.filter.RequestContextFilter.doFilterInternal(RequestContextFilter.java:99)
INFO   | jvm 1    | 2021/04/25 01:14:32 | 	at org.springframework.web.filter.OncePerRequestFilter.doFilter(OncePerRequestFilter.java:107)
INFO   | jvm 1    | 2021/04/25 01:14:32 | 	at org.eclipse.jetty.servlet.FilterHolder.doFilter(FilterHolder.java:193)
INFO   | jvm 1    | 2021/04/25 01:14:32 | 	at org.eclipse.jetty.servlet.ServletHandler$Chain.doFilter(ServletHandler.java:1601)
INFO   | jvm 1    | 2021/04/25 01:14:32 | 	at org.apache.activemq.web.filter.ApplicationContextFilter.doFilter(ApplicationContextFilter.java:102)
INFO   | jvm 1    | 2021/04/25 01:14:32 | 	at org.eclipse.jetty.servlet.FilterHolder.doFilter(FilterHolder.java:201)
INFO   | jvm 1    | 2021/04/25 01:14:32 | 	at org.eclipse.jetty.servlet.ServletHandler$Chain.doFilter(ServletHandler.java:1601)
INFO   | jvm 1    | 2021/04/25 01:14:32 | 	at org.eclipse.jetty.servlet.ServletHandler.doHandle(ServletHandler.java:548)
INFO   | jvm 1    | 2021/04/25 01:14:32 | 	at org.eclipse.jetty.server.handler.ScopedHandler.handle(ScopedHandler.java:143)
INFO   | jvm 1    | 2021/04/25 01:14:32 | 	at org.eclipse.jetty.security.SecurityHandler.handle(SecurityHandler.java:567)
INFO   | jvm 1    | 2021/04/25 01:14:32 | 	at org.eclipse.jetty.server.handler.HandlerWrapper.handle(HandlerWrapper.java:127)
INFO   | jvm 1    | 2021/04/25 01:14:32 | 	at org.eclipse.jetty.server.handler.ScopedHandler.nextHandle(ScopedHandler.java:235)
INFO   | jvm 1    | 2021/04/25 01:14:32 | 	at org.eclipse.jetty.server.session.SessionHandler.doHandle(SessionHandler.java:1624)
INFO   | jvm 1    | 2021/04/25 01:14:32 | 	at org.eclipse.jetty.server.handler.ScopedHandler.nextHandle(ScopedHandler.java:233)
INFO   | jvm 1    | 2021/04/25 01:14:32 | 	at org.eclipse.jetty.server.handler.ContextHandler.doHandle(ContextHandler.java:1435)
INFO   | jvm 1    | 2021/04/25 01:14:32 | 	at org.eclipse.jetty.server.handler.ScopedHandler.nextScope(ScopedHandler.java:188)
INFO   | jvm 1    | 2021/04/25 01:14:32 | 	at org.eclipse.jetty.servlet.ServletHandler.doScope(ServletHandler.java:501)
INFO   | jvm 1    | 2021/04/25 01:14:32 | 	at org.eclipse.jetty.server.session.SessionHandler.doScope(SessionHandler.java:1594)
INFO   | jvm 1    | 2021/04/25 01:14:32 | 	at org.eclipse.jetty.server.handler.ScopedHandler.nextScope(ScopedHandler.java:186)
INFO   | jvm 1    | 2021/04/25 01:14:32 | 	at org.eclipse.jetty.server.handler.ContextHandler.doScope(ContextHandler.java:1350)
INFO   | jvm 1    | 2021/04/25 01:14:32 | 	at org.eclipse.jetty.server.handler.ScopedHandler.handle(ScopedHandler.java:141)
INFO   | jvm 1    | 2021/04/25 01:14:32 | 	at org.eclipse.jetty.server.handler.HandlerCollection.handle(HandlerCollection.java:146)
INFO   | jvm 1    | 2021/04/25 01:14:32 | 	... 19 more
INFO   | jvm 1    | 2021/04/25 01:14:32 | Caused by: java.lang.UnsupportedOperationException: Possible CSRF attack
INFO   | jvm 1    | 2021/04/25 01:14:32 | 	at org.apache.activemq.web.handler.BindingBeanNameUrlHandlerMapping.getHandlerInternal(BindingBeanNameUrlHandlerMapping.java:59)
INFO   | jvm 1    | 2021/04/25 01:14:32 | 	at org.springframework.web.servlet.handler.AbstractHandlerMapping.getHandler(AbstractHandlerMapping.java:353)
INFO   | jvm 1    | 2021/04/25 01:14:32 | 	at org.springframework.web.servlet.DispatcherServlet.getHandler(DispatcherServlet.java:1160)
INFO   | jvm 1    | 2021/04/25 01:14:32 | 	at org.springframework.web.servlet.DispatcherServlet.doDispatch(DispatcherServlet.java:940)
INFO   | jvm 1    | 2021/04/25 01:14:32 | 	at org.springframework.web.servlet.DispatcherServlet.doService(DispatcherServlet.java:901)
INFO   | jvm 1    | 2021/04/25 01:14:32 | 	at org.springframework.web.servlet.FrameworkServlet.processRequest(FrameworkServlet.java:970)
INFO   | jvm 1    | 2021/04/25 01:14:32 | 	... 54 more
INFO   | jvm 1    | 2021/04/25 01:50:12 |  INFO | Connector vm://localhost stopped
